Top of log...
Tue Feb 02 2016 17:22:20 GMT-0500 (Eastern Standard Time): cookiE, block
Tue Feb 02 2016 17:22:20 GMT-0500 (Eastern Standard Time): TypeError: words.foreach is not a function
Sat Feb 06 2016 10:22:52 GMT-0500 (Eastern Standard Time): Kyoudai Shojin, thumb
Tue Feb 16 2016 22:35:11 GMT-0500 (Eastern Standard Time): ReferenceError: falconImgs is not defined
Tue Feb 16 2016 22:35:43 GMT-0500 (Eastern Standard Time): cookiE, thumb
Tue Feb 16 2016 22:35:45 GMT-0500 (Eastern Standard Time): ReferenceError: falconImgs is not defined
Tue Feb 16 2016 22:36:38 GMT-0500 (Eastern Standard Time): cookiE, thumb
Tue Feb 16 2016 22:36:40 GMT-0500 (Eastern Standard Time): ReferenceError: falconImgs is not defined
Tue Feb 16 2016 22:37:33 GMT-0500 (Eastern Standard Time): cookiE, thumb
Tue Feb 16 2016 22:38:18 GMT-0500 (Eastern Standard Time): cookiE, thumb
Tue Feb 16 2016 22:39:39 GMT-0500 (Eastern Standard Time): cookiE, thumb
Tue Feb 16 2016 22:42:01 GMT-0500 (Eastern Standard Time): cookiE, thumb
Tue Feb 16 2016 22:42:39 GMT-0500 (Eastern Standard Time): cookiE, thumb
Tue Feb 16 2016 22:48:42 GMT-0500 (Eastern Standard Time): cookiE, heart
Tue Feb 16 2016 22:55:13 GMT-0500 (Eastern Standard Time): cookiE, heart
Tue Feb 16 2016 22:56:13 GMT-0500 (Eastern Standard Time): cookiE, heart
Tue Feb 16 2016 22:58:00 GMT-0500 (Eastern Standard Time): Ninjasandscouts, heart
Tue Feb 16 2016 23:00:16 GMT-0500 (Eastern Standard Time): RaiseYourChonger, help
Tue Feb 16 2016 23:00:26 GMT-0500 (Eastern Standard Time): RaiseYourChonger, heart
Tue Feb 16 2016 23:00:33 GMT-0500 (Eastern Standard Time): RaiseYourChonger, thumb
Tue Feb 16 2016 23:00:42 GMT-0500 (Eastern Standard Time): RaiseYourChonger, love
Tue Feb 16 2016 23:00:51 GMT-0500 (Eastern Standard Time): Karma, game
Tue Feb 16 2016 23:00:51 GMT-0500 (Eastern Standard Time): RaiseYourChonger, game
Tue Feb 16 2016 23:01:30 GMT-0500 (Eastern Standard Time): RaiseYourChonger, heart
Tue Feb 16 2016 23:12:57 GMT-0500 (Eastern Standard Time): cookiE, heart
